<?xml version="1.0" encoding="UTF-8"?>
<testsuite xmlns:xsi="http://www.w3.org/2001/XMLSchema-instance" xsi:noNamespaceSchemaLocation="https://maven.apache.org/surefire/maven-surefire-plugin/xsd/surefire-test-report.xsd" name="com.ordina.word.WordApplicationTests" time="3.287" tests="3" errors="0" skipped="0" failures="0">
  <properties>
[...]
</properties>
  <testcase name="testCalculateFrequencyForWord" classname="com.ordina.word.WordApplicationTests" time="0.54"/>
  <testcase name="testCalculateMostFrequentNWords" classname="com.ordina.word.WordApplicationTests" time="0.008"/>
  <testcase name="testCalculateHighestFrequency" classname="com.ordina.word.WordApplicationTests" time="0.003"/>
</testsuite>